Iteration	Posterior	Likelihood	Prior	rate_log_sd	rate_loss	rate_neo	tree_length
0	-2062.015	-2378.04	316.0242	1.617777	11.17003	0.3431857	1.314174
6	-2073.047	-2389.337	316.2903	1.745439	8.663313	0.3431857	1.318748
12	-2072.73	-2388.81	316.0797	1.992266	8.983278	0.3435148	1.242488
18	-2068.407	-2384.829	316.4222	1.945716	8.983278	0.3808888	0.8881549
24	-2079.214	-2394.902	315.6875	1.942687	13.53917	0.4012713	0.9340588
30	-2067.239	-2383.059	315.8195	1.942687	13.92826	0.3346119	0.8865614
36	-2075.809	-2392.049	316.2395	1.856199	10.04111	0.3346119	1.085845
42	-2095.996	-2411.402	315.4066	1.462216	11.90623	0.195951	2.059658
48	-2098.657	-2412.957	314.3	1.561997	11.71644	0.1435959	2.819061
54	-2085.259	-2399.676	314.4173	1.586515	14.696	0.1435959	2.50236
60	-2095.952	-2411.187	315.2355	1.922553	14.9986	0.1435959	1.72105
66	-2080.524	-2396.039	315.515	1.807198	13.99834	0.1435959	1.686369
72	-2080.631	-2396.514	315.883	1.606638	13.99834	0.1845338	1.463168
78	-2092.465	-2408.112	315.6461	1.682988	13.17031	0.1845338	1.655587
84	-2070.343	-2385.774	315.4307	1.523234	13.80593	0.1845338	1.863361
90	-2075.432	-2391.306	315.874	1.884037	13.80593	0.1805857	1.279597
96	-2080.18	-2396.042	315.8621	1.870687	14.74687	0.1912575	1.180434
102	-2074.614	-2390.49	315.8762	1.912525	14.74687	0.1912575	1.131137
108	-2070.494	-2386.39	315.8962	1.621016	10.08784	0.2816366	1.63761
114	-2086.735	-2402.476	315.7402	1.653997	10.408	0.2816366	1.690172
120	-2093.879	-2409.557	315.6776	1.531555	9.087209	0.4501094	1.725604
126	-2085.802	-2401.745	315.9428	1.529166	7.914948	0.5019496	1.626134
132	-2089.767	-2405.443	315.6762	1.56421	7.914948	0.5019496	1.789862
138	-2101.919	-2417.963	316.0442	1.574959	8.971134	0.5019496	1.371321
144	-2091.586	-2407.948	316.3621	1.610389	8.971134	0.3916327	1.245305
150	-2082.523	-2398.979	316.4555	1.920735	8.971134	0.3916327	0.8559686
156	-2073.786	-2389.987	316.2009	1.857127	10.53265	0.3916327	0.9314671
162	-2076.441	-2392.316	315.875	1.869063	13.74686	0.3343316	0.9314671
168	-2065.824	-2381.748	315.9239	1.775942	13.74686	0.3343316	0.9779482
174	-2074.454	-2390.599	316.1444	1.733294	11.58249	0.3835154	0.9779482
180	-2066.305	-2382.317	316.0124	1.839134	11.88607	0.3835154	0.9618788
186	-2087.493	-2403.682	316.1887	1.948379	10.28137	0.3835154	0.9042568
192	-2097.51	-2413.422	315.9115	1.966326	12.08675	0.3835154	0.9042568
198	-2093.595	-2409.446	315.8519	1.773615	11.59639	0.3835154	1.209241
204	-2103.357	-2419.594	316.2375	1.769728	9.720054	0.4234129	1.049809
210	-2079.89	-2395.145	315.2554	1.393607	11.07825	0.2684834	2.149458
216	-2077.17	-2392.614	315.4443	1.317318	6.605304	0.3312722	2.490856
222	-2064.984	-2379.94	314.9563	1.374485	9.337592	0.3312722	2.432075
228	-2064.986	-2380.391	315.4053	1.506579	9.337592	0.3442054	2.03955
234	-2071.134	-2387.377	316.243	1.498513	9.767411	0.2381535	1.592391
240	-2071.895	-2387.972	316.0773	1.66735	10.11568	0.2381535	1.549634
246	-2071.188	-2387.25	316.0613	1.706751	11.09615	0.2399241	1.417386
252	-2074.446	-2390.468	316.022	1.635934	11.88131	0.2399241	1.417386
258	-2081.929	-2397.365	315.4353	1.488159	11.88131	0.2692691	1.890823
264	-2078.149	-2393.914	315.7651	1.527425	9.419606	0.2692691	1.890823
270	-2081.186	-2396.881	315.6942	1.596072	11.45136	0.339491	1.559632
276	-2083.767	-2400.026	316.2581	1.746975	7.743859	0.339491	1.481997
282	-2077.674	-2393.352	315.6788	1.747474	11.63111	0.3263465	1.460618
288	-2096.813	-2413.005	316.1916	1.649671	9.064992	0.418342	1.298078
294	-2094.058	-2410.267	316.2088	2.068478	10.78906	0.3767287	0.5842651
300	-2080.402	-2396.348	315.9461	1.673546	8.300255	0.5107089	1.452433
306	-2092.127	-2407.904	315.7771	1.549709	9.91314	0.4053312	1.603318
312	-2086.346	-2401.82	315.4743	1.547727	10.57279	0.2790223	1.934469
318	-2093.175	-2408.603	315.4281	1.499167	10.82363	0.4171672	1.77244
324	-2084.765	-2400.845	316.0803	1.503828	7.983451	0.3237334	1.777454
330	-2078.028	-2393.824	315.7957	1.49362	9.364283	0.3237334	1.81157
336	-2099.523	-2415.196	315.6729	1.545235	12.22083	0.3237334	1.560675
342	-2094.459	-2409.988	315.5293	1.482645	15.22837	0.2946166	1.492997
348	-2080.121	-2395.883	315.7617	1.6874	12.35069	0.275284	1.459676
354	-2087.604	-2403.037	315.433	1.537844	12.35069	0.3233956	1.726566
360	-2084.094	-2400.034	315.9399	1.421035	9.000954	0.1905342	2.038219
366	-2094.84	-2410.618	315.7779	1.415494	9.189091	0.3605405	1.843655
372	-2083.527	-2399.643	316.116	1.747431	9.322464	0.3826061	1.300613
378	-2087.633	-2403.809	316.1762	1.690552	9.136344	0.3826061	1.323269
384	-2090.428	-2406.135	315.7074	1.485976	10.6696	0.490483	1.503653
390	-2093.039	-2409.241	316.2023	1.731214	8.104078	0.3151868	1.523979
396	-2101.672	-2417.423	315.7514	1.833924	11.56535	0.3147695	1.364612
402	-2091.639	-2407.754	316.1147	1.776319	11.49999	0.3147695	1.115561
408	-2099.598	-2415.746	316.148	1.802485	11.20202	0.2055712	1.337888
414	-2085.926	-2401.646	315.7192	1.794644	14.73948	0.2055712	1.327562
420	-2096.03	-2412.102	316.0722	1.807815	14.73948	0.2145039	0.979457
426	-2100.545	-2417.061	316.5161	1.694156	9.708192	0.3020599	1.096452
432	-2096.512	-2412.648	316.1355	1.67899	7.763533	0.4906552	1.406219
438	-2091.452	-2407.393	315.9408	1.722158	8.342057	0.4906552	1.438741
444	-2085.086	-2401.434	316.3482	1.690216	8.342057	0.4661657	1.167364
450	-2089.486	-2405.05	315.564	1.650834	14.24134	0.2691009	1.471144
456	-2096.603	-2412.287	315.6834	1.657023	12.88119	0.2691009	1.501413
462	-2082.925	-2399.231	316.306	1.890643	9.119233	0.4358325	0.9362949
468	-2080.173	-2396.554	316.3812	1.804527	8.953546	0.4358325	0.9774594
474	-2090.466	-2406.435	315.9692	1.722229	10.78116	0.3466513	1.314072
480	-2089.751	-2405.837	316.0869	1.738907	10.59353	0.460902	1.028613
486	-2073.617	-2389.889	316.2718	1.868752	10.59353	0.3568857	0.9078386
492	-2065.94	-2381.788	315.8482	1.80958	10.7823	0.5252264	1.059776
498	-2076.13	-2392.15	316.0204	1.726692	10.7823	0.5252264	0.9717536
504	-2094.026	-2409.903	315.8768	1.571489	10.7823	0.3604707	1.480846
510	-2089.411	-2405.184	315.7724	1.649081	11.22329	0.3426835	1.480846
516	-2078.794	-2394.659	315.8646	1.649081	11.22329	0.3426835	1.410404
522	-2084.208	-2400.032	315.8237	1.601602	11.81852	0.3426835	1.414349
528	-2076.305	-2391.763	315.4582	1.513037	14.57928	0.2639824	1.63156
534	-2097.053	-2412.914	315.8617	1.754637	8.972826	0.2639824	1.728444
540	-2096.645	-2412.854	316.2094	1.631161	8.972826	0.223878	1.644776
546	-2086.573	-2402.709	316.136	1.792134	8.972826	0.2492177	1.530805
552	-2108.037	-2423.844	315.8074	1.467474	9.226456	0.3887347	1.743426
558	-2101.016	-2416.67	315.6535	1.56775	11.10921	0.5135426	1.404292
564	-2099.279	-2414.69	315.4106	1.572766	6.709319	0.6578587	1.974636
570	-2100.856	-2416.034	315.1779	1.504066	9.9385	0.6578587	1.771478
576	-2094.535	-2410.08	315.5448	1.652029	8.210552	0.419261	1.881094
582	-2098.044	-2413.806	315.7623	1.82641	8.210552	0.419261	1.60612
588	-2090.908	-2406.389	315.481	1.610222	9.080905	0.5615436	1.680188
594	-2068.791	-2384.509	315.7177	1.719797	9.06732	0.3560803	1.694356
600	-2084.548	-2400.082	315.5338	1.703977	11.42314	0.3560803	1.57531
606	-2078.236	-2394.245	316.0093	1.561884	11.42314	0.3702135	1.296851
612	-2093.91	-2410.315	316.4047	1.823689	11.4142	0.1983878	1.093891
618	-2093.723	-2410.004	316.281	1.907523	11.85357	0.1983878	1.074347
624	-2077.196	-2393.543	316.3474	1.687461	7.144911	0.5034101	1.313797
630	-2082.435	-2398.503	316.0677	1.73567	9.681969	0.3258903	1.3957
636	-2079.221	-2395.435	316.2133	1.456782	6.733059	0.5306557	1.624353
642	-2092.34	-2408.576	316.2361	1.620042	7.880653	0.5533621	1.274599
648	-2093.401	-2409.581	316.1796	1.710319	7.880653	0.5533621	1.246614
654	-2071.279	-2387.676	316.3969	1.708345	8.381714	0.4711582	1.093238
660	-2089.545	-2405.855	316.3095	1.70558	6.68302	0.5354717	1.367497
666	-2082.056	-2398.427	316.3714	1.792594	7.179251	0.5354717	1.155803
672	-2099.578	-2415.458	315.8797	1.613105	10.45084	0.5354717	1.235799
678	-2086.374	-2402.406	316.0321	1.62052	10.39745	0.4478506	1.231629
684	-2090.695	-2406.726	316.0318	1.968672	8.700298	0.5762085	0.9759665
690	-2102.491	-2418.193	315.7012	2.179888	12.26416	0.4810601	0.5754882
696	-2105.925	-2421.343	315.418	2.179888	13.20706	0.5824265	0.5800355
702	-2071.18	-2387.177	315.9967	1.864324	9.685308	0.5552257	0.980649
708	-2074.823	-2390.979	316.156	1.864274	9.685308	0.5552257	0.7979338
714	-2070.477	-2386.307	315.8293	1.925572	11.68013	0.5436666	0.7778382
720	-2070.92	-2387.06	316.1397	2.012389	11.68013	0.3528211	0.6931943
726	-2074.615	-2390.796	316.1806	1.915454	11.67173	0.3371694	0.8261889
732	-2090.629	-2406.598	315.9697	2.093096	12.51493	0.319511	0.7712168
738	-2082.807	-2399.005	316.1978	1.928084	11.24563	0.354118	0.8185355
744	-2092.524	-2409.004	316.4793	1.835062	11.24563	0.2859879	0.7700351
750	-2075.524	-2391.702	316.178	1.950475	10.41938	0.3870147	0.8821865
756	-2087.296	-2403.455	316.1591	2.129975	10.82816	0.3679647	0.584906
762	-2087.11	-2402.682	315.572	1.979525	14.48613	0.4645301	0.7491663
768	-2083.304	-2399.303	315.999	1.938513	13.70364	0.3149013	0.7516554
774	-2066.601	-2382.546	315.9454	1.830067	14.21891	0.3212066	0.8654271
780	-2075.282	-2391.29	316.0085	1.964416	14.21891	0.2483889	0.8392646
786	-2071.141	-2386.642	315.501	2.07097	16.48073	0.3833544	0.560974
792	-2064.019	-2379.621	315.602	2.173429	15.67643	0.3180374	0.6224121
798	-2082.234	-2398.183	315.9492	2.007446	15.67643	0.2121483	0.7768431
804	-2096.83	-2412.247	315.4164	1.711525	15.6594	0.1700362	1.626181
810	-2074.363	-2390.517	316.1541	1.906762	11.45503	0.3602722	0.8468473
816	-2063.666	-2379.928	316.262	1.867332	9.450802	0.4644934	0.8929096
822	-2063.589	-2379.769	316.1801	1.822493	9.417371	0.4644934	1.03091
828	-2089.587	-2405.646	316.0597	1.751584	11.05212	0.4406	1.011907
834	-2070.644	-2386.974	316.3294	1.91551	9.111755	0.3898801	0.9778832
840	-2076.341	-2392.355	316.0145	1.900702	11.22801	0.3898801	0.9778832
846	-2066.31	-2382.264	315.9538	1.867174	12.20173	0.369829	0.9778832
852	-2062.445	-2378.43	315.9844	1.899957	9.537181	0.4476949	1.149301
858	-2076.505	-2392.512	316.0073	1.85417	8.327091	0.5840445	1.159477
864	-2059.41	-2375.419	316.0093	1.881623	8.880454	0.5840445	1.041668
870	-2100.362	-2414.732	314.3697	1.424094	11.62222	0.1918626	2.771289
876	-2084.16	-2399.211	315.0514	1.630815	9.977765	0.1918626	2.37064
882	-2076.435	-2391.642	315.2067	1.646169	14.04748	0.1918626	1.897149
888	-2084.995	-2400.559	315.5637	1.713057	11.64649	0.1971276	1.806028
894	-2085.102	-2400.682	315.5805	1.823977	11.64649	0.1842574	1.744714
900	-2084.428	-2399.297	314.8693	1.566718	13.46265	0.1735111	2.256405
906	-2087.421	-2402.333	314.9116	1.692789	11.91016	0.1526162	2.321624
912	-2059.527	-2373.996	314.4683	1.838122	10.32059	0.1282474	2.706165
918	-2080.029	-2395.516	315.4872	1.784717	9.62628	0.1518427	2.111291
924	-2080.42	-2395.661	315.2416	1.669928	10.154	0.2242572	2.144779
930	-2092.377	-2407.782	315.4049	1.47899	9.764603	0.284489	2.101032
936	-2091.693	-2406.62	314.9276	1.366497	7.884342	0.3872712	2.545121
942	-2080.721	-2396.194	315.4732	1.54499	11.76657	0.2849966	1.810246
948	-2089.454	-2404.899	315.4453	1.478657	10.3716	0.2849966	2.010902
954	-2081.721	-2397.555	315.8342	1.629376	8.543102	0.2849966	1.850982
960	-2082.955	-2398.342	315.3872	1.443172	8.747475	0.2849966	2.246133
966	-2103.949	-2418.883	314.9342	1.443172	8.747475	0.2849966	2.53269
972	-2087.212	-2402.767	315.5549	1.466474	7.753176	0.3491741	2.148215
978	-2077.403	-2392.854	315.4502	1.513327	11.63421	0.2839872	1.862042
984	-2074.493	-2390.105	315.6113	1.795851	15.34091	0.2577624	1.242751
990	-2072.634	-2388.405	315.771	1.781424	15.50409	0.3125409	0.9726421
996	-2067.834	-2383.472	315.6383	1.729867	15.30782	0.3125409	1.166298
1002	-2075.412	-2391.607	316.1956	1.833978	9.107694	0.3125409	1.315764
1008	-2078.063	-2393.529	315.4653	1.603355	9.107694	0.4024204	1.88137
1002	-2115.563	-2430.532	314.9689	1.490921	8.091409	0.4844482	2.304337
1008	-2096.689	-2412.062	315.3725	1.533635	7.911384	0.4688742	2.054124
1014	-2104.303	-2420.023	315.7204	1.541981	7.509979	0.3544822	2.013887
1020	-2099.775	-2415.791	316.0158	1.581464	7.136487	0.4414132	1.722223
1026	-2087.851	-2403.944	316.0931	1.761353	7.411085	0.4414132	1.494448
1032	-2076.833	-2392.152	315.3192	1.573771	7.411085	0.5290521	2.062046
1038	-2088.37	-2404.076	315.7063	1.632665	6.951508	0.545507	1.808207
1044	-2082.032	-2397.684	315.6519	1.492662	8.189797	0.4021198	1.941046
1050	-2078.873	-2394.46	315.5867	1.493355	11.07599	0.4021198	1.658693
1056	-2082.607	-2398.215	315.6083	1.576742	7.964524	0.3470082	2.016718
1062	-2094.224	-2409.479	315.2545	1.608088	7.964524	0.259542	2.357558
1068	-2089.241	-2404.184	314.9424	1.498142	7.474168	0.2637664	2.674256
1074	-2090.192	-2405.309	315.1171	1.719921	7.148597	0.1798118	2.6171
1080	-2098.913	-2413.121	314.2075	1.667674	7.263844	0.1798118	3.184118
1086	-2089.794	-2404.565	314.7715	1.557315	7.387628	0.2968476	2.704156
1092	-2085.096	-2400.071	314.9749	1.293854	6.728773	0.3898273	2.704156
1098	-2090.113	-2405.988	315.8748	1.486632	6.905475	0.4916968	1.859185
1104	-2087.506	-2403.74	316.2343	1.586473	6.905475	0.4916968	1.533096
1110	-2081.163	-2397.942	316.7795	1.684085	6.905475	0.291423	1.343842
1116	-2073.947	-2389.971	316.0237	1.485951	8.51362	0.2807519	1.830063
1122	-2065.183	-2381.337	316.1535	1.647855	8.51362	0.255559	1.669978
1128	-2096.064	-2411.826	315.7615	1.621309	9.865263	0.2934541	1.737938
1134	-2082.167	-2398.061	315.8934	1.478907	11.6419	0.4000318	1.384024
1140	-2084.96	-2400.779	315.8188	1.487903	11.66405	0.2446993	1.689339
1146	-2095.101	-2410.724	315.6223	1.452014	9.950191	0.2446993	2.022098
1152	-2098.3	-2414.11	315.8097	1.4714	9.950191	0.3123951	1.768996
1158	-2086.481	-2402.429	315.9478	1.455943	8.738552	0.4374975	1.646429
1164	-2073.782	-2389.678	315.8954	1.36052	9.644219	0.4546891	1.620287
1170	-2084.261	-2400.235	315.9744	1.51049	9.644219	0.2971343	1.684829
1176	-2090.839	-2406.754	315.9154	1.615549	8.337231	0.5087233	1.51663
1182	-2081.297	-2397.31	316.0138	1.6561	8.289301	0.5087233	1.41789
1188	-2096.153	-2412.027	315.8733	1.6561	13.37105	0.3653204	1.122165
1194	-2092.289	-2408.328	316.039	1.760607	11.04616	0.3653204	1.157843
1200	-2100.327	-2416.782	316.4546	1.723399	10.23966	0.3653204	0.9066847
1206	-2077.953	-2394.276	316.323	1.803402	10.23966	0.4101135	0.8646327
1212	-2078.211	-2394.413	316.2029	1.900063	10.55703	0.4101135	0.8343401
1218	-2068.516	-2384.706	316.1895	1.806755	11.27104	0.4112479	0.8343401
1224	-2075.07	-2391.088	316.0182	1.619132	10.18314	0.4760605	1.230765
1230	-2066.47	-2382.887	316.4168	1.657074	6.778738	0.4760605	1.38142
1236	-2059.298	-2375.585	316.2874	1.729204	7.969085	0.4760605	1.231314
1242	-2057.526	-2374.082	316.5558	1.691411	7.969085	0.3538341	1.231314
1248	-2068.443	-2384.788	316.3455	1.724355	7.969085	0.5280583	1.109906
1254	-2074.271	-2390.593	316.3217	1.658591	7.83189	0.5651433	1.161958
1260	-2066.26	-2382.345	316.0846	1.656257	8.918437	0.5651433	1.197165
1266	-2099.367	-2415.16	315.7938	1.528353	8.918437	0.5651433	1.52877
1272	-2097.256	-2413.2	315.9446	1.523007	10.35544	0.5651433	1.230616
1278	-2085.49	-2401.524	316.0347	1.619828	6.329004	0.7884785	1.441442
1284	-2093.701	-2409.644	315.9427	1.670687	6.279067	0.8316214	1.443163
1290	-2096.24	-2411.957	315.717	1.670687	6.279067	0.8028065	1.635182
1296	-2081.796	-2397.907	316.1115	1.706887	8.462679	0.6247462	1.12336
1302	-2089.246	-2405.4	316.1542	1.946712	8.462679	0.6531402	0.7798808
1308	-2072.778	-2389.14	316.362	1.925093	8.462679	0.4725373	0.8920201
1314	-2089.645	-2405.56	315.9146	1.753653	9.618637	0.2974846	1.554582
1320	-2092.112	-2408.058	315.9458	2.027867	12.92942	0.2974846	0.8806774
1326	-2082.591	-2398.617	316.0258	1.882892	11.14569	0.4706179	0.8323359
1332	-2081.526	-2397.885	316.3589	1.868023	9.020073	0.4706179	0.8511351
1338	-2086.625	-2402.969	316.3442	1.896105	9.020073	0.4406749	0.8971985
1344	-2080.164	-2395.757	315.5928	1.683	14.43091	0.4406749	1.106231
