Iteration	Posterior	Likelihood	Prior	rate_log_sd	rate_loss	rate_neo	tree_length
0	-2084.823	-2400.946	316.1227	1.628357	11.74068	0.3264573	1.186666
6	-2087.996	-2404.221	316.2247	1.685046	11.55947	0.2730429	1.178993
12	-2097.489	-2413.238	315.7483	1.596355	13.92725	0.2730429	1.392321
18	-2092.482	-2408.692	316.2103	1.809405	10.59202	0.3086853	1.130676
24	-2093.289	-2408.587	315.2981	1.757738	10.37671	0.1082195	2.281267
30	-2089.657	-2404.59	314.9333	1.616512	13.37104	0.132823	2.281267
36	-2079.716	-2394.558	314.8413	1.636003	14.2682	0.1235771	2.281267
42	-2078.656	-2393.429	314.7728	1.704453	14.2682	0.1235771	2.281267
48	-2055.68	-2370.618	314.9381	1.806678	14.2682	0.1235771	2.108039
54	-2072.242	-2387.263	315.021	1.743698	13.88971	0.1167589	2.141625
60	-2068.649	-2383.344	314.6953	1.770922	11.54226	0.1155821	2.527323
66	-2068.775	-2383.383	314.6076	1.879276	11.21661	0.1208326	2.530269
72	-2068.697	-2383.61	314.9131	1.769427	14.28047	0.1208326	2.154731
78	-2072.985	-2387.952	314.9671	1.7241	14.28047	0.1208326	2.149069
84	-2084.282	-2399.667	315.3853	1.761445	15.0332	0.1208326	1.785819
90	-2083.145	-2397.942	314.7965	1.817315	13.84347	0.1208326	2.232637
96	-2081.461	-2397.256	315.7951	1.840663	13.84347	0.1809962	1.37311
102	-2071.537	-2387.595	316.0585	2.019611	13.84347	0.1809962	0.9866903
108	-2071.755	-2387.515	315.7602	1.768924	14.70193	0.1809962	1.378227
114	-2082.682	-2398.596	315.9138	1.717711	14.70193	0.1809962	1.296494
120	-2104.136	-2419.91	315.7739	1.400789	10.77122	0.3739065	1.662655
126	-2092.611	-2408.711	316.1004	1.54365	7.670939	0.3623293	1.720116
132	-2088.432	-2404.436	316.0044	1.578243	7.670939	0.3623293	1.763171
138	-2091.097	-2406.565	315.4675	1.480879	7.910771	0.5370644	1.951162
144	-2100.154	-2416.451	316.2974	1.73582	6.534848	0.5370644	1.377204
150	-2090.985	-2407.312	316.3262	1.689776	8.340636	0.5011475	1.135181
156	-2103.534	-2419.63	316.0954	1.481214	9.424799	0.4827293	1.36971
162	-2101.926	-2417.894	315.9684	1.640361	8.456871	0.4827293	1.474267
168	-2093.083	-2409.203	316.1206	1.578989	9.062404	0.4187961	1.410106
174	-2099.155	-2415.164	316.0084	1.630288	9.062404	0.4187961	1.456843
180	-2103.101	-2419.035	315.9342	1.627064	10.24866	0.2990305	1.557228
186	-2091.259	-2407.331	316.0724	1.634181	10.24866	0.2990305	1.448319
192	-2097.076	-2412.943	315.8673	1.678964	11.13616	0.2990305	1.469662
198	-2088.013	-2404.136	316.1234	1.80922	12.14958	0.2990305	1.027042
204	-2080.595	-2396.443	315.8481	1.734598	15.49514	0.2990305	0.9745638
210	-2090.091	-2405.81	315.719	1.858032	15.49514	0.2990305	0.9803561
216	-2104.17	-2419.992	315.8213	1.776934	13.70959	0.2138151	1.337237
222	-2085.369	-2400.717	315.3487	1.914762	20.34107	0.187116	1.119558
228	-2089.375	-2405.102	315.726	1.691081	17.40847	0.2339804	1.101459
234	-2088.198	-2403.75	315.5517	1.617297	17.40847	0.2339804	1.313575
240	-2080.762	-2396.236	315.4739	1.561391	20.09116	0.2270177	1.235032
246	-2075.131	-2390.47	315.3395	1.671349	13.57634	0.2270177	1.756854
252	-2072.909	-2388.384	315.4748	1.623131	13.57634	0.1936646	1.763675
258	-2069.574	-2384.254	314.6806	1.504776	16.91607	0.1936646	2.129467
264	-2067.994	-2383.272	315.2783	1.53134	15.22135	0.3018362	1.629949
270	-2067.335	-2382.487	315.1519	1.523436	16.53736	0.2993122	1.629949
276	-2078.472	-2393.734	315.2616	1.467774	16.53736	0.2143784	1.747241
282	-2075.375	-2390.529	315.1539	1.584234	16.77406	0.2030886	1.747241
288	-2084.001	-2399.542	315.5404	1.45474	14.83428	0.2169526	1.683983
294	-2091.748	-2405.936	314.1886	1.441116	15.33652	0.2169526	2.545301
300	-2088.007	-2402.839	314.8318	1.339614	17.85369	0.1988993	2.067558
306	-2073.496	-2388.751	315.2543	1.656758	17.85369	0.1936118	1.567205
312	-2081.464	-2397.153	315.6896	1.624707	16.91678	0.1936118	1.329555
318	-2090.016	-2405.324	315.3077	1.589432	18.69238	0.2433823	1.411533
324	-2082.993	-2398.114	315.1213	1.42747	17.56229	0.2433823	1.74574
330	-2099.778	-2414.234	314.4562	1.991903	22.64411	0.06855271	1.934656
336	-2090.932	-2405.287	314.3551	1.915236	20.93432	0.06855271	2.1445
342	-2087.347	-2401.822	314.4749	1.825316	21.38424	0.07081761	2.093325
348	-2096.876	-2412.001	315.1246	2.004336	15.0702	0.07081761	1.942944
354	-2085.639	-2400.318	314.6793	1.812452	19.99643	0.09424325	1.973642
360	-2097.561	-2412.692	315.1308	1.740719	14.03195	0.1049481	2.092039
366	-2105.365	-2419.733	314.3683	1.683991	14.03195	0.1222234	2.569798
372	-2101.331	-2416.029	314.6973	1.926197	14.03195	0.1222234	2.208424
378	-2102.558	-2416.666	314.108	1.361145	13.65166	0.1866938	2.818607
384	-2098.442	-2414.152	315.7103	1.523038	8.692132	0.5102085	1.684779
390	-2090.794	-2406.473	315.6798	1.541676	8.692132	0.5260275	1.675041
396	-2088.064	-2403.139	315.0752	1.363133	8.692132	0.7152028	2.027216
402	-2090.324	-2406.023	315.6989	1.44932	8.692132	0.5132021	1.741438
408	-2087.595	-2403.38	315.7851	1.491301	9.796428	0.3880772	1.677007
414	-2072.009	-2387.768	315.7591	1.613758	9.62417	0.3542493	1.677007
420	-2082.842	-2398.457	315.6145	1.645806	10.99637	0.2613994	1.758201
426	-2072.045	-2387.375	315.3302	1.637528	14.43326	0.2623375	1.649183
432	-2106.488	-2422.109	315.6203	1.666436	15.16022	0.1737106	1.541289
438	-2076.863	-2392.378	315.5156	1.622619	15.16022	0.2154464	1.557229
444	-2085.51	-2401.63	316.1204	1.647383	9.342573	0.4893464	1.215761
450	-2073.823	-2389.415	315.5923	1.725568	16.39683	0.2426338	1.256326
456	-2076.51	-2391.925	315.4155	1.551194	16.39683	0.2426338	1.530656
462	-2092.904	-2408.519	315.6145	1.651621	14.82629	0.2481131	1.421674
468	-2068.075	-2383.471	315.3957	1.798256	23.01327	0.2481131	0.7729672
474	-2080.565	-2395.903	315.3382	1.93531	21.30212	0.2901354	0.6988478
480	-2075.656	-2390.871	315.215	2.00049	19.61484	0.3243205	0.8712075
486	-2077.815	-2393.491	315.6764	1.994829	16.08063	0.3256198	0.711274
492	-2093.263	-2409.272	316.0085	1.863698	12.67931	0.3221718	0.9649078
498	-2092.813	-2408.525	315.7116	2.017224	12.67931	0.4494791	0.8425026
504	-2069.466	-2385.252	315.7858	1.790917	10.87112	0.4494791	1.233408
510	-2088.176	-2403.726	315.5503	1.654826	10.87112	0.4522938	1.521774
516	-2071.391	-2386.98	315.5888	1.712087	13.8182	0.311258	1.365796
522	-2065.036	-2380.467	315.4314	1.719343	16.15569	0.4168577	1.086975
528	-2062.776	-2378.633	315.8573	1.775825	13.34437	0.3873253	0.9842822
534	-2065.445	-2381.366	315.9213	1.935961	10.38505	0.5342433	0.9022615
540	-2079.442	-2395.559	316.1169	2.007252	10.38505	0.4476021	0.7471296
546	-2091.566	-2406.791	315.2252	2.007252	16.25913	0.5410508	0.7471296
552	-2104.778	-2420.944	316.1658	1.841833	11.58605	0.3808331	0.8384208
558	-2094.908	-2410.897	315.9895	1.913392	12.43323	0.3808331	0.8263425
564	-2100.478	-2416.445	315.9667	1.942303	12.43323	0.3531922	0.8868222
570	-2081.337	-2397.337	316.0001	1.697907	13.83288	0.2606503	1.134439
576	-2074.506	-2390.185	315.679	1.697907	13.83288	0.4200486	1.112638
582	-2076.477	-2392.098	315.6212	1.603941	13.83288	0.4200486	1.244532
588	-2089.014	-2404.639	315.6249	1.618363	13.93079	0.294864	1.429712
594	-2082.362	-2397.935	315.5724	1.452221	13.93079	0.2624449	1.650424
600	-2088.683	-2404.645	315.9623	1.650785	13.93079	0.2624449	1.194603
606	-2078.823	-2394.465	315.6424	1.681184	13.93079	0.3262198	1.310171
612	-2079.991	-2395.7	315.7085	1.751929	13.93079	0.4082301	1.044624
618	-2084.715	-2400.552	315.8371	1.815347	12.13498	0.3835406	1.121183
624	-2071.771	-2387.55	315.7787	1.706048	13.62128	0.3835406	1.101596
630	-2070.99	-2386.881	315.8916	1.788551	14.57976	0.2812539	1.021661
636	-2079.127	-2395.069	315.9416	1.530579	13.20498	0.2812539	1.345328
642	-2073.897	-2389.25	315.3534	1.405083	16.30365	0.2448387	1.68458
648	-2083.019	-2398.687	315.6683	1.831364	16.30365	0.2277821	1.143265
654	-2094.414	-2410.259	315.8448	1.647621	11.155	0.3224232	1.468001
660	-2090.075	-2406.24	316.1655	1.708725	11.155	0.388095	1.032537
666	-2076.611	-2392.863	316.2527	1.790758	9.866272	0.338111	1.151277
672	-2088.757	-2404.546	315.7889	1.883268	13.10012	0.338111	1.074487
678	-2079.764	-2395.768	316.0035	1.92552	14.44571	0.2112541	0.9732068
684	-2085.532	-2401.396	315.8641	1.824909	14.44571	0.3140012	0.950476
690	-2088.516	-2404.663	316.147	1.89014	12.53307	0.3245073	0.7881022
696	-2088.041	-2403.72	315.6783	1.705306	14.77343	0.3651322	1.10446
702	-2077.577	-2393.631	316.0543	1.636787	11.66762	0.3651322	1.176185
708	-2087.575	-2403.292	315.717	1.556244	14.6543	0.3651322	1.213493
714	-2079.086	-2394.447	315.3609	1.613814	15.0727	0.2404365	1.633025
720	-2062.879	-2378.528	315.6487	1.603484	15.0727	0.2404365	1.42679
726	-2071.339	-2386.918	315.5789	1.602841	15.0727	0.2404365	1.480475
732	-2072.322	-2387.737	315.4154	1.531436	15.71996	0.2404365	1.601964
738	-2079.604	-2395.139	315.5354	1.593416	14.44949	0.2256002	1.601964
744	-2091.318	-2406.753	315.4354	1.549986	11.30368	0.4339131	1.660533
750	-2090.39	-2405.592	315.2024	2.034965	14.07028	0.08476498	1.903349
756	-2094.042	-2409.056	315.0142	1.93201	14.53913	0.08463071	2.06195
762	-2098.286	-2414.876	316.5904	1.76912	8.081727	0.3662354	1.091372
768	-2079.734	-2396.363	316.6295	1.76417	8.14478	0.3699277	1.040906
774	-2074.28	-2390.456	316.1765	1.810692	10.34203	0.3875982	1.040906
780	-2073.116	-2389.615	316.499	1.786189	10.59395	0.3086808	0.8623325
786	-2072.2	-2388.106	315.9061	1.884199	12.27545	0.3086808	1.123598
792	-2074.918	-2390.794	315.8762	1.606563	9.737707	0.3646024	1.5688
798	-2083.218	-2399.529	316.3107	1.700806	8.968267	0.3176507	1.340117
804	-2086.058	-2401.961	315.9028	1.914371	10.29863	0.6049895	0.8393837
810	-2087.157	-2403.026	315.8685	1.931723	8.004324	0.7775879	1.033918
816	-2081.268	-2397.331	316.0633	1.884867	8.004324	0.6583425	1.03833
822	-2085.264	-2401.145	315.8811	1.874875	12.42261	0.4579578	0.8316066
828	-2092.673	-2408.6	315.9265	1.874875	12.42261	0.4157001	0.8696158
834	-2089.068	-2405.012	315.9439	1.890873	12.17049	0.4157001	0.8696158
840	-2092.254	-2408.342	316.0879	1.944337	12.17049	0.3336499	0.8309219
846	-2073.566	-2389.437	315.8718	1.820384	10.98342	0.5319603	0.9867328
852	-2083.194	-2399.016	315.8216	1.81116	15.33061	0.2707144	1.010897
858	-2075.495	-2391.211	315.7166	1.789104	15.33061	0.4045928	0.831207
864	-2083.277	-2397.481	314.2043	1.301711	13.01495	0.2708383	2.701718
870	-2078.385	-2394.557	316.1715	1.80153	11.31701	0.3743946	0.9362784
876	-2065.926	-2381.986	316.0599	1.898183	12.31832	0.3743946	0.7908008
882	-2079.985	-2395.697	315.7119	1.740743	11.42388	0.3886424	1.36228
888	-2095.781	-2411.51	315.7289	1.680691	12.45614	0.3183272	1.401725
894	-2073.515	-2389.452	315.9365	2.003431	10.05019	0.5811524	0.7746736
900	-2068.109	-2384.29	316.1815	1.824564	11.16268	0.2810805	1.126117
906	-2079.791	-2396.022	316.2304	1.822329	11.16268	0.2810805	1.083482
912	-2072.041	-2388.277	316.2359	1.928745	11.16268	0.3539961	0.7831567
918	-2086.417	-2402.651	316.2339	1.838739	12.39422	0.3164266	0.7891186
924	-2083.522	-2399.647	316.125	1.871164	12.39422	0.3310435	0.8458726
930	-2086.175	-2402.27	316.0945	1.82224	12.39422	0.3337045	0.9302221
936	-2063.923	-2380.026	316.1032	1.82224	12.22296	0.2949996	1.033679
942	-2072.972	-2389.039	316.0664	1.618456	12.22296	0.288019	1.26205
948	-2080.304	-2396.123	315.8188	1.439429	11.25653	0.3516747	1.584417
954	-2087.011	-2402.926	315.9159	1.921614	9.426936	0.5891791	0.9955815
960	-2072.911	-2388.865	315.954	1.829532	11.3411	0.4421572	0.9955815
966	-2080.521	-2396.604	316.0821	1.80383	10.00061	0.4987863	0.9955815
972	-2090.348	-2406.05	315.7024	1.765875	13.93428	0.4137781	1.026445
978	-2087.664	-2403.719	316.0547	1.765875	12.60536	0.3382804	0.9914728
984	-2074.735	-2390.783	316.048	1.648024	10.15418	0.3382804	1.399903
990	-2073.89	-2389.932	316.0414	1.671168	8.1957	0.5577955	1.337082
996	-2075.12	-2391.471	316.3513	1.809504	8.354856	0.4419282	1.09397
1002	-2078.518	-2394.547	316.0295	1.884672	12.29353	0.3775268	0.8435076
1008	-2081.809	-2397.848	316.0389	1.884672	12.29353	0.3775268	0.8318332
1002	-2117.149	-2433.058	315.9089	1.635705	9.311636	0.4729569	1.422309
1008	-2083.214	-2399.141	315.9277	1.635705	9.311636	0.4141284	1.488512
1014	-2093.407	-2409.584	316.1769	1.782406	9.311636	0.3919094	1.207082
1020	-2105.81	-2421.68	315.8697	1.644244	12.45208	0.3919094	1.191779
1026	-2087.608	-2403.419	315.811	1.648039	12.45208	0.3919094	1.238429
1032	-2092.478	-2408.153	315.675	1.638712	13.63036	0.2857523	1.419994
1038	-2098.564	-2414.49	315.9264	1.789947	13.90572	0.2857523	1.052277
1044	-2086.275	-2402.325	316.0503	1.760004	13.90572	0.2857523	0.9587592
1050	-2100.524	-2416.67	316.1455	1.825648	12.61083	0.2857523	0.9587592
1056	-2095.499	-2411.29	315.7912	1.762423	12.61083	0.2857523	1.331853
1062	-2103.706	-2419.847	316.1401	1.737883	12.09149	0.2857523	1.115119
1068	-2095.317	-2411.197	315.8797	1.675212	12.76927	0.279956	1.325754
1074	-2091.222	-2407.138	315.9161	1.675212	12.76927	0.3098136	1.238157
1080	-2092.423	-2408.373	315.9502	1.651767	11.82599	0.3098136	1.331719
1086	-2081.86	-2397.86	315.9994	1.665252	11.82599	0.2831177	1.331719
1092	-2095.291	-2411.532	316.2407	1.588797	11.02556	0.2831177	1.289623
1098	-2107.731	-2423.545	315.8148	1.588797	11.02556	0.3427343	1.515618
1104	-2086.436	-2402.865	316.4293	2.091239	10.58462	0.2473228	0.7522478
1110	-2080.591	-2396.443	315.8523	2.091239	15.01462	0.2473228	0.7608652
1116	-2081.02	-2396.693	315.6733	2.067836	14.42173	0.3637918	0.7608652
1122	-2074.589	-2390.37	315.7802	1.912703	14.42173	0.387803	0.7608652
1128	-2097.165	-2412.841	315.6758	1.913125	18.16569	0.2574203	0.7670777
1134	-2066.612	-2382.205	315.5926	1.996294	18.16569	0.2574203	0.7670777
1140	-2084.54	-2400.092	315.5528	2.011183	18.16569	0.282101	0.7104607
1146	-2092.536	-2408.106	315.57	1.79899	18.16569	0.282101	0.9567801
1152	-2093.859	-2409.488	315.6285	2.047724	18.16569	0.2106962	0.8211355
1158	-2081.655	-2397.369	315.7149	1.961323	18.16569	0.2106962	0.8211355
1164	-2089.067	-2404.901	315.8335	1.961323	15.56307	0.2664712	0.8144996
1170	-2088.356	-2403.868	315.5119	1.93037	17.24145	0.3372543	0.8321821
1176	-2096.98	-2412.58	315.6001	1.948474	16.19906	0.3372543	0.8321821
1182	-2101.86	-2416.021	314.1612	1.468953	9.505064	0.3776137	2.788417
1188	-2088.42	-2403.882	315.4621	1.502636	9.505064	0.4426555	1.855901
1194	-2096.098	-2412.332	316.2346	2.016913	9.755584	0.4199642	0.7785023
1200	-2094.677	-2408.288	313.6109	1.408196	9.505064	0.2851065	3.275865
1206	-2104.25	-2418.828	314.5775	1.4669	9.505705	0.4946931	2.399403
1212	-2072.026	-2386.945	314.9192	1.389685	9.505705	0.4121642	2.324422
1218	-2069.038	-2383.926	314.8871	1.549702	9.325955	0.3623468	2.324422
1224	-2068.543	-2384.251	315.708	1.450275	9.325955	0.3623468	1.849407
1230	-2083.82	-2400.001	316.1811	1.844465	11.18585	0.4186767	0.7940541
1236	-2075.943	-2392.309	316.366	1.947684	11.73246	0.2520065	0.7940541
1242	-2066.825	-2382.646	315.821	1.947684	16.30257	0.2520065	0.7940541
1248	-2066.669	-2382.798	316.1291	1.969748	11.38683	0.3830449	0.7466281
1254	-2081.181	-2396.978	315.7964	1.949673	11.38683	0.5258295	0.8765371
1260	-2090.045	-2406.301	316.2561	1.812992	10.35996	0.3535491	1.025838
1266	-2095.358	-2411.066	315.7079	1.817295	10.35996	0.4357367	1.357974
1272	-2086.013	-2402.076	316.0621	1.574	8.703021	0.4498747	1.463297
1278	-2082.682	-2398.687	316.0047	1.642171	8.338788	0.4498747	1.504701
1284	-2085.264	-2401.34	316.0752	1.61506	8.338788	0.4498747	1.472015
1290	-2088.392	-2403.911	315.5186	1.600826	8.338788	0.4498747	1.879651
1296	-2076.673	-2392.492	315.8191	1.483146	9.47469	0.2683095	1.879651
1302	-2083.279	-2399.731	316.4524	1.657536	9.47469	0.2683095	1.28606
1308	-2093.536	-2409.504	315.9672	1.868532	13.11825	0.2683095	1.070752
1314	-2091.393	-2407.386	315.9925	1.77683	12.75671	0.3130245	1.076231
1320	-2079.166	-2395.329	316.1629	1.757203	10.74805	0.3299036	1.156249
